# JRE version: OpenJDK Runtime Environment (8.0_242-b01) (build 1.8.0_242-release-1644-b01)
# Java VM: OpenJDK 64-Bit Server VM (25.242-b01 mixed mode windows-amd64 compressed oops)
Heap:
 PSYoungGen      total 538624K, used 293287K [0x00000000d5580000, 0x0000000100000000, 0x0000000100000000)
  eden space 462336K, 63% used [0x00000000d5580000,0x00000000e763d188,0x00000000f1900000)
  from space 76288K, 0% used [0x00000000fb580000,0x00000000fb580000,0x0000000100000000)
  to   space 118272K, 0% used [0x00000000f1900000,0x00000000f1900000,0x00000000f8c80000)
 ParOldGen       total 377344K, used 197760K [0x0000000080000000, 0x0000000097080000, 0x00000000d5580000)
  object space 377344K, 52% used [0x0000000080000000,0x000000008c120198,0x0000000097080000)
 Metaspace       used 101544K, capacity 106900K, committed 107288K, reserved 1142784K
  class space    used 13046K, capacity 14029K, committed 14128K, reserved 1048576K
GC Heap History (10 events):
Event: 354.535 GC heap before
{Heap before GC invocations=52 (full 7):
 PSYoungGen      total 636416K, used 594867K [0x00000000d5580000, 0x00000000ffb80000, 0x0000000100000000)
  eden space 583680K, 100% used [0x00000000d5580000,0x00000000f8f80000,0x00000000f8f80000)
  from space 52736K, 21% used [0x00000000fc800000,0x00000000fd2ece08,0x00000000ffb80000)
  to   space 55296K, 0% used [0x00000000f8f80000,0x00000000f8f80000,0x00000000fc580000)
 ParOldGen       total 253440K, used 134508K [0x0000000080000000, 0x000000008f780000, 0x00000000d5580000)
  object space 253440K, 53% used [0x0000000080000000,0x000000008835b270,0x000000008f780000)
 Metaspace       used 92202K, capacity 97202K, committed 97816K, reserved 1134592K
  class space    used 11971K, capacity 12891K, committed 13104K, reserved 1048576K
Event: 354.660 GC heap after
Heap after GC invocations=52 (full 7):
 PSYoungGen      total 638976K, used 55268K [0x00000000d5580000, 0x0000000100000000, 0x0000000100000000)
  eden space 583680K, 0% used [0x00000000d5580000,0x00000000d5580000,0x00000000f8f80000)
  from space 55296K, 99% used [0x00000000f8f80000,0x00000000fc5792b0,0x00000000fc580000)
  to   space 59904K, 0% used [0x00000000fc580000,0x00000000fc580000,0x0000000100000000)
 ParOldGen       total 253440K, used 175423K [0x0000000080000000, 0x000000008f780000, 0x00000000d5580000)
  object space 253440K, 69% used [0x0000000080000000,0x000000008ab4fe58,0x000000008f780000)
 Metaspace       used 92202K, capacity 97202K, committed 97816K, reserved 1134592K
  class space    used 11971K, capacity 12891K, committed 13104K, reserved 1048576K
}
Event: 413.118 GC heap before
{Heap before GC invocations=53 (full 7):
 PSYoungGen      total 638976K, used 638948K [0x00000000d5580000, 0x0000000100000000, 0x0000000100000000)
  eden space 583680K, 100% used [0x00000000d5580000,0x00000000f8f80000,0x00000000f8f80000)
  from space 55296K, 99% used [0x00000000f8f80000,0x00000000fc5792b0,0x00000000fc580000)
  to   space 59904K, 0% used [0x00000000fc580000,0x00000000fc580000,0x0000000100000000)
 ParOldGen       total 253440K, used 175423K [0x0000000080000000, 0x000000008f780000, 0x00000000d5580000)
  object space 253440K, 69% used [0x0000000080000000,0x000000008ab4fe58,0x000000008f780000)
 Metaspace       used 93400K, capacity 98418K, committed 98968K, reserved 1134592K
  class space    used 12066K, capacity 12967K, committed 13232K, reserved 1048576K
Event: 413.208 GC heap after
Heap after GC invocations=53 (full 7):
 PSYoungGen      total 608256K, used 25453K [0x00000000d5580000, 0x0000000100000000, 0x0000000100000000)
  eden space 548352K, 0% used [0x00000000d5580000,0x00000000d5580000,0x00000000f6d00000)
  from space 59904K, 42% used [0x00000000fc580000,0x00000000fde5b600,0x0000000100000000)
  to   space 75264K, 0% used [0x00000000f6d00000,0x00000000f6d00000,0x00000000fb680000)
 ParOldGen       total 253440K, used 183267K [0x0000000080000000, 0x000000008f780000, 0x00000000d5580000)
  object space 253440K, 72% used [0x0000000080000000,0x000000008b2f8fc0,0x000000008f780000)
 Metaspace       used 93400K, capacity 98418K, committed 98968K, reserved 1134592K
  class space    used 12066K, capacity 12967K, committed 13232K, reserved 1048576K
}
Event: 434.567 GC heap before
{Heap before GC invocations=54 (full 7):
 PSYoungGen      total 608256K, used 573805K [0x00000000d5580000, 0x0000000100000000, 0x0000000100000000)
  eden space 548352K, 100% used [0x00000000d5580000,0x00000000f6d00000,0x00000000f6d00000)
  from space 59904K, 42% used [0x00000000fc580000,0x00000000fde5b600,0x0000000100000000)
  to   space 75264K, 0% used [0x00000000f6d00000,0x00000000f6d00000,0x00000000fb680000)
 ParOldGen       total 253440K, used 183267K [0x0000000080000000, 0x000000008f780000, 0x00000000d5580000)
  object space 253440K, 72% used [0x0000000080000000,0x000000008b2f8fc0,0x000000008f780000)
 Metaspace       used 99958K, capacity 105198K, committed 105624K, reserved 1140736K
  class space    used 12872K, capacity 13830K, committed 14000K, reserved 1048576K
Event: 434.654 GC heap after
Heap after GC invocations=54 (full 7):
 PSYoungGen      total 592384K, used 43623K [0x00000000d5580000, 0x0000000100000000, 0x0000000100000000)
  eden space 548352K, 0% used [0x00000000d5580000,0x00000000d5580000,0x00000000f6d00000)
  from space 44032K, 99% used [0x00000000f6d00000,0x00000000f9799d88,0x00000000f9800000)
  to   space 76288K, 0% used [0x00000000fb580000,0x00000000fb580000,0x0000000100000000)
 ParOldGen       total 253440K, used 183275K [0x0000000080000000, 0x000000008f780000, 0x00000000d5580000)
  object space 253440K, 72% used [0x0000000080000000,0x000000008b2fafc0,0x000000008f780000)
 Metaspace       used 99958K, capacity 105198K, committed 105624K, reserved 1140736K
  class space    used 12872K, capacity 13830K, committed 14000K, reserved 1048576K
}
Event: 455.620 GC heap before
{Heap before GC invocations=55 (full 7):
 PSYoungGen      total 592384K, used 591975K [0x00000000d5580000, 0x0000000100000000, 0x0000000100000000)
  eden space 548352K, 100% used [0x00000000d5580000,0x00000000f6d00000,0x00000000f6d00000)
  from space 44032K, 99% used [0x00000000f6d00000,0x00000000f9799d88,0x00000000f9800000)
  to   space 76288K, 0% used [0x00000000fb580000,0x00000000fb580000,0x0000000100000000)
 ParOldGen       total 253440K, used 183275K [0x0000000080000000, 0x000000008f780000, 0x00000000d5580000)
  object space 253440K, 72% used [0x0000000080000000,0x000000008b2fafc0,0x000000008f780000)
 Metaspace       used 100083K, capacity 105306K, committed 105624K, reserved 1140736K
  class space    used 12888K, capacity 13868K, committed 14000K, reserved 1048576K
Event: 455.901 GC heap after
Heap after GC invocations=55 (full 7):
 PSYoungGen      total 538624K, used 76278K [0x00000000d5580000, 0x0000000100000000, 0x0000000100000000)
  eden space 462336K, 0% used [0x00000000d5580000,0x00000000d5580000,0x00000000f1900000)
  from space 76288K, 99% used [0x00000000fb580000,0x00000000ffffd880,0x0000000100000000)
  to   space 118272K, 0% used [0x00000000f1900000,0x00000000f1900000,0x00000000f8c80000)
 ParOldGen       total 261632K, used 261363K [0x0000000080000000, 0x000000008ff80000, 0x00000000d5580000)
  object space 261632K, 99% used [0x0000000080000000,0x000000008ff3cea8,0x000000008ff80000)
 Metaspace       used 100083K, capacity 105306K, committed 105624K, reserved 1140736K
  class space    used 12888K, capacity 13868K, committed 14000K, reserved 1048576K
}
Event: 456.163 GC heap before
{Heap before GC invocations=56 (full 8):
 PSYoungGen      total 538624K, used 76278K [0x00000000d5580000, 0x0000000100000000, 0x0000000100000000)
  eden space 462336K, 0% used [0x00000000d5580000,0x00000000d5580000,0x00000000f1900000)
  from space 76288K, 99% used [0x00000000fb580000,0x00000000ffffd880,0x0000000100000000)
  to   space 118272K, 0% used [0x00000000f1900000,0x00000000f1900000,0x00000000f8c80000)
 ParOldGen       total 261632K, used 261363K [0x0000000080000000, 0x000000008ff80000, 0x00000000d5580000)
  object space 261632K, 99% used [0x0000000080000000,0x000000008ff3cea8,0x000000008ff80000)
 Metaspace       used 100083K, capacity 105306K, committed 105624K, reserved 1140736K
  class space    used 12888K, capacity 13868K, committed 14000K, reserved 1048576K
Event: 519.501 GC heap after
Heap after GC invocations=56 (full 8):
 PSYoungGen      total 538624K, used 0K [0x00000000d5580000, 0x0000000100000000, 0x0000000100000000)
  eden space 462336K, 0% used [0x00000000d5580000,0x00000000d5580000,0x00000000f1900000)
  from space 76288K, 0% used [0x00000000fb580000,0x00000000fb580000,0x0000000100000000)
  to   space 118272K, 0% used [0x00000000f1900000,0x00000000f1900000,0x00000000f8c80000)
 ParOldGen       total 377344K, used 197760K [0x0000000080000000, 0x0000000097080000, 0x00000000d5580000)
  object space 377344K, 52% used [0x0000000080000000,0x000000008c120198,0x0000000097080000)
 Metaspace       used 100062K, capacity 105256K, committed 105624K, reserved 1140736K
  class space    used 12880K, capacity 13855K, committed 14000K, reserved 1048576K
}

